[2025-11-02T11:08:47.772+0000] {local_task_job_runner.py:120} INFO - ::group::Pre task execution logs
[2025-11-02T11:08:47.792+0000] {taskinstance.py:2076} INFO - Dependencies all met for dep_context=non-requeueable deps ti=<TaskInstance: transactions_pipeline.upload_raw_to_s3 manual__2025-11-02T11:08:46.548440+00:00 [queued]>
[2025-11-02T11:08:47.803+0000] {taskinstance.py:2076} INFO - Dependencies all met for dep_context=requeueable deps ti=<TaskInstance: transactions_pipeline.upload_raw_to_s3 manual__2025-11-02T11:08:46.548440+00:00 [queued]>
[2025-11-02T11:08:47.804+0000] {taskinstance.py:2306} INFO - Starting attempt 1 of 2
[2025-11-02T11:08:47.820+0000] {taskinstance.py:2330} INFO - Executing <Task(PythonOperator): upload_raw_to_s3> on 2025-11-02 11:08:46.548440+00:00
[2025-11-02T11:08:47.827+0000] {standard_task_runner.py:90} INFO - Running: ['***', 'tasks', 'run', 'transactions_pipeline', 'upload_raw_to_s3', 'manual__2025-11-02T11:08:46.548440+00:00', '--job-id', '4', '--raw', '--subdir', 'DAGS_FOLDER/***_dag_transactions.py', '--cfg-path', '/tmp/tmpkyc973_2']
[2025-11-02T11:08:47.831+0000] {standard_task_runner.py:91} INFO - Job 4: Subtask upload_raw_to_s3
[2025-11-02T11:08:47.831+0000] {logging_mixin.py:188} WARNING - /home/***/.local/lib/python3.12/site-packages/***/task/task_runner/standard_task_runner.py:62 DeprecationWarning: This process (pid=278) is multi-threaded, use of fork() may lead to deadlocks in the child.
[2025-11-02T11:08:47.832+0000] {standard_task_runner.py:64} INFO - Started process 279 to run task
[2025-11-02T11:08:47.889+0000] {task_command.py:426} INFO - Running <TaskInstance: transactions_pipeline.upload_raw_to_s3 manual__2025-11-02T11:08:46.548440+00:00 [running]> on host 0e0b8f0a214a
[2025-11-02T11:08:47.977+0000] {taskinstance.py:2648} INFO - Exporting env vars: AIRFLOW_CTX_DAG_OWNER='hapssatou' AIRFLOW_CTX_DAG_ID='transactions_pipeline' AIRFLOW_CTX_TASK_ID='upload_raw_to_s3' AIRFLOW_CTX_EXECUTION_DATE='2025-11-02T11:08:46.548440+00:00' AIRFLOW_CTX_TRY_NUMBER='1' AIRFLOW_CTX_DAG_RUN_ID='manual__2025-11-02T11:08:46.548440+00:00'
[2025-11-02T11:08:47.978+0000] {taskinstance.py:430} INFO - ::endgroup::
[2025-11-02T11:08:47.990+0000] {taskinstance.py:441} INFO - ::group::Post task execution logs
[2025-11-02T11:08:47.991+0000] {taskinstance.py:2905} ERROR - Task failed with exception
Traceback (most recent call last):
  File "/home/airflow/.local/lib/python3.12/site-packages/airflow/models/taskinstance.py", line 465, in _execute_task
    result = _execute_callable(context=context, **execute_callable_kwargs)
             ^^^^^^^^^^^^^^^^^^^^^^^^^^^^^^^^^^^^^^^^^^^^^^^^^^^^^^^^^^^^^
  File "/home/airflow/.local/lib/python3.12/site-packages/airflow/models/taskinstance.py", line 432, in _execute_callable
    return execute_callable(context=context, **execute_callable_kwargs)
           ^^^^^^^^^^^^^^^^^^^^^^^^^^^^^^^^^^^^^^^^^^^^^^^^^^^^^^^^^^^^
  File "/home/airflow/.local/lib/python3.12/site-packages/airflow/models/baseoperator.py", line 401, in wrapper
    return func(self, *args, **kwargs)
           ^^^^^^^^^^^^^^^^^^^^^^^^^^^
  File "/home/airflow/.local/lib/python3.12/site-packages/airflow/operators/python.py", line 235, in execute
    return_value = self.execute_callable()
                   ^^^^^^^^^^^^^^^^^^^^^^^
  File "/home/airflow/.local/lib/python3.12/site-packages/airflow/operators/python.py", line 252, in execute_callable
    return self.python_callable(*self.op_args, **self.op_kwargs)
           ^^^^^^^^^^^^^^^^^^^^^^^^^^^^^^^^^^^^^^^^^^^^^^^^^^^^^
  File "/opt/airflow/dags/airflow_dag_transactions.py", line 13, in upload_raw_to_s3
    ds = execution_date.strftime("%Y/%m/%d")
         ^^^^^^^^^^^^^^^^^^^^^^^
AttributeError: 'str' object has no attribute 'strftime'
[2025-11-02T11:08:48.010+0000] {taskinstance.py:1206} INFO - Marking task as UP_FOR_RETRY. dag_id=transactions_pipeline, task_id=upload_raw_to_s3, run_id=manual__2025-11-02T11:08:46.548440+00:00, execution_date=20251102T110846, start_date=20251102T110847, end_date=20251102T110848
[2025-11-02T11:08:48.023+0000] {standard_task_runner.py:110} ERROR - Failed to execute job 4 for task upload_raw_to_s3 ('str' object has no attribute 'strftime'; 279)
[2025-11-02T11:08:48.047+0000] {local_task_job_runner.py:243} INFO - Task exited with return code 1
[2025-11-02T11:08:48.072+0000] {taskinstance.py:3503} INFO - 0 downstream tasks scheduled from follow-on schedule check
[2025-11-02T11:08:48.076+0000] {local_task_job_runner.py:222} INFO - ::endgroup::
