[2025-11-03T08:55:51.250+0000] {local_task_job_runner.py:120} INFO - ::group::Pre task execution logs
[2025-11-03T08:55:51.271+0000] {taskinstance.py:2076} INFO - Dependencies all met for dep_context=non-requeueable deps ti=<TaskInstance: transactions_pipeline.upload_raw_to_s3 scheduled__2025-11-01T23:00:00+00:00 [queued]>
[2025-11-03T08:55:51.281+0000] {taskinstance.py:2076} INFO - Dependencies all met for dep_context=requeueable deps ti=<TaskInstance: transactions_pipeline.upload_raw_to_s3 scheduled__2025-11-01T23:00:00+00:00 [queued]>
[2025-11-03T08:55:51.283+0000] {taskinstance.py:2306} INFO - Starting attempt 3 of 4
[2025-11-03T08:55:51.296+0000] {taskinstance.py:2330} INFO - Executing <Task(PythonOperator): upload_raw_to_s3> on 2025-11-01 23:00:00+00:00
[2025-11-03T08:55:51.304+0000] {standard_task_runner.py:90} INFO - Running: ['***', 'tasks', 'run', 'transactions_pipeline', 'upload_raw_to_s3', 'scheduled__2025-11-01T23:00:00+00:00', '--job-id', '9', '--raw', '--subdir', 'DAGS_FOLDER/***_dag_transactions.py', '--cfg-path', '/tmp/tmpj8m69rf_']
[2025-11-03T08:55:51.306+0000] {logging_mixin.py:188} WARNING - /home/***/.local/lib/python3.12/site-packages/***/task/task_runner/standard_task_runner.py:62 DeprecationWarning: This process (pid=343) is multi-threaded, use of fork() may lead to deadlocks in the child.
[2025-11-03T08:55:51.306+0000] {standard_task_runner.py:91} INFO - Job 9: Subtask upload_raw_to_s3
[2025-11-03T08:55:51.307+0000] {standard_task_runner.py:64} INFO - Started process 344 to run task
[2025-11-03T08:55:51.356+0000] {task_command.py:426} INFO - Running <TaskInstance: transactions_pipeline.upload_raw_to_s3 scheduled__2025-11-01T23:00:00+00:00 [running]> on host eb253588dee4
[2025-11-03T08:55:51.444+0000] {taskinstance.py:2648} INFO - Exporting env vars: AIRFLOW_CTX_DAG_OWNER='hapssatou' AIRFLOW_CTX_DAG_ID='transactions_pipeline' AIRFLOW_CTX_TASK_ID='upload_raw_to_s3' AIRFLOW_CTX_EXECUTION_DATE='2025-11-01T23:00:00+00:00' AIRFLOW_CTX_TRY_NUMBER='3' AIRFLOW_CTX_DAG_RUN_ID='scheduled__2025-11-01T23:00:00+00:00'
[2025-11-03T08:55:51.446+0000] {taskinstance.py:430} INFO - ::endgroup::
[2025-11-03T08:55:51.457+0000] {taskinstance.py:441} INFO - ::group::Post task execution logs
[2025-11-03T08:55:51.458+0000] {taskinstance.py:2905} ERROR - Task failed with exception
Traceback (most recent call last):
  File "/home/airflow/.local/lib/python3.12/site-packages/airflow/models/taskinstance.py", line 465, in _execute_task
    result = _execute_callable(context=context, **execute_callable_kwargs)
             ^^^^^^^^^^^^^^^^^^^^^^^^^^^^^^^^^^^^^^^^^^^^^^^^^^^^^^^^^^^^^
  File "/home/airflow/.local/lib/python3.12/site-packages/airflow/models/taskinstance.py", line 432, in _execute_callable
    return execute_callable(context=context, **execute_callable_kwargs)
           ^^^^^^^^^^^^^^^^^^^^^^^^^^^^^^^^^^^^^^^^^^^^^^^^^^^^^^^^^^^^
  File "/home/airflow/.local/lib/python3.12/site-packages/airflow/models/baseoperator.py", line 401, in wrapper
    return func(self, *args, **kwargs)
           ^^^^^^^^^^^^^^^^^^^^^^^^^^^
  File "/home/airflow/.local/lib/python3.12/site-packages/airflow/operators/python.py", line 235, in execute
    return_value = self.execute_callable()
                   ^^^^^^^^^^^^^^^^^^^^^^^
  File "/home/airflow/.local/lib/python3.12/site-packages/airflow/operators/python.py", line 252, in execute_callable
    return self.python_callable(*self.op_args, **self.op_kwargs)
           ^^^^^^^^^^^^^^^^^^^^^^^^^^^^^^^^^^^^^^^^^^^^^^^^^^^^^
  File "/opt/airflow/dags/airflow_dag_transactions.py", line 13, in upload_raw_to_s3
    ds = execution_date.strftime("%Y/%m/%d")
         ^^^^^^^^^^^^^^^^^^^^^^^
AttributeError: 'str' object has no attribute 'strftime'
[2025-11-03T08:55:51.478+0000] {taskinstance.py:1206} INFO - Marking task as UP_FOR_RETRY. dag_id=transactions_pipeline, task_id=upload_raw_to_s3, run_id=scheduled__2025-11-01T23:00:00+00:00, execution_date=20251101T230000, start_date=20251103T085551, end_date=20251103T085551
[2025-11-03T08:55:51.493+0000] {standard_task_runner.py:110} ERROR - Failed to execute job 9 for task upload_raw_to_s3 ('str' object has no attribute 'strftime'; 344)
[2025-11-03T08:55:51.521+0000] {local_task_job_runner.py:243} INFO - Task exited with return code 1
[2025-11-03T08:55:51.546+0000] {taskinstance.py:3503} INFO - 0 downstream tasks scheduled from follow-on schedule check
[2025-11-03T08:55:51.550+0000] {local_task_job_runner.py:222} INFO - ::endgroup::
